<?xml version="1.0" encoding="UTF-8"?>
<testsuite name="MazeRunnerTest" tests="1" skipped="0" failures="0" errors="0" timestamp="2023-11-10T00:01:22" hostname="Ahmads-MacBook-Air.local" time="0.055">
  <properties/>
  <testcase name="start" classname="MazeRunnerTest" time="0.055"/>
  <system-out><![CDATA[?[1;31m
Start test 1?[0m
████████████████████
    ██  ██  ██    ██
██  ██      ██  ████
██      ██████      
██  ██          ████
██  ██  ██████  ████
██  ██  ██      ████
██  ██  ██████  ████
██  ██      ██    ██
████████████████████
]]></system-out>
  <system-err><![CDATA[]]></system-err>
</testsuite>
